<?xml version="1.0" encoding="UTF-8"?>
<testng-results skipped="0" failed="0" total="1" passed="1">
  <reporter-output>
  </reporter-output>
  <suite name="Default suite" duration-ms="75416" started-at="2018-10-02T06:53:29Z" finished-at="2018-10-02T06:54:45Z">
    <groups>
    </groups>
    <test name="Default test" duration-ms="75416" started-at="2018-10-02T06:53:29Z" finished-at="2018-10-02T06:54:45Z">
      <class name="PanCard.Correction.Navigation.BrokenLinks">
        <test-method status="PASS" signature="beforeTest()[pri:0, instance:PanCard.Correction.Navigation.BrokenLinks@7c16905e]" name="beforeTest" is-config="true" duration-ms="3973" started-at="2018-10-02T12:23:29Z" finished-at="2018-10-02T12:23:33Z">
          <reporter-output>
          </reporter-output>
        </test-method> <!-- beforeTest -->
        <test-method status="PASS" signature="BrokenLinksOfPan()[pri:0, instance:PanCard.Correction.Navigation.BrokenLinks@7c16905e]" name="BrokenLinksOfPan" duration-ms="71412" started-at="2018-10-02T12:23:33Z" finished-at="2018-10-02T12:24:45Z">
          <reporter-output>
          </reporter-output>
        </test-method> <!-- BrokenLinksOfPan -->
        <test-method status="PASS" signature="afterTest()[pri:0, instance:PanCard.Correction.Navigation.BrokenLinks@7c16905e]" name="afterTest" is-config="true" duration-ms="1" started-at="2018-10-02T12:24:45Z" finished-at="2018-10-02T12:24:45Z">
          <reporter-output>
          </reporter-output>
        </test-method> <!-- afterTest -->
      </class> <!-- PanCard.Correction.Navigation.BrokenLinks -->
    </test> <!-- Default test -->
  </suite> <!-- Default suite -->
</testng-results>
